34 37 82 10 7 99 90 51 13 66 75 45 39 60 98 23 17 22 16 59 62 86 92 86 41 0 72 20 15 20 73 2 57 55 12 16 6 2 68 19 20 95 17 59 8 67 83 25 90 51
3 45 72 3 92 9 39 38 53 9 30 6 21 38 75 6 5 6 43 3 24 6 6 45 41 72 52 5 5 53 71 55 2 43 4 10 4 66 49 1 75 78 42 51 59 16 58 65 39
42 27 69 89 83 30 1 15 44 21 24 15 17 37 69 1 1 37 40 21 18 0 39 4 31 20 47 0 48 18 16 53 41 39 6 6 62 17 48 74 3 36 9 8 43 42 7 26
15 42 20 6 53 29 14 29 23 3 9 2 20 32 68 0 36 3 19 3 18 39 35 27 11 27 47 48 30 2 37 12 2 33 0 56 45 31 26 71 33 27 1 35 1 35 19
27 22 14 47 24 15 15 6 20 6 7 18 12 36 68 36 33 16 16 15 21 4 8 16 16 20 1 18 28 35 25 10 31 33 56 11 14 5 45 38 6 26 34 34 34 16
5 8 33 23 9 0 9 14 14 1 11 6 24 32 32 3 17 0 1 6 17 4 8 0 4 19 17 10 7 10 15 21 2 23 45 3 9 40 7 32 20 8 0 0 18
3 25 10 14 9 9 5 0 13 10 5 18 8 0 29 14 17 1 5 11 13 4 8 4 15 2 7 3 3 5 6 19 21 22 42 6 31 33 25 12 12 8 0 18
22 15 4 5 0 4 5 13 3 5 13 10 8 29 15 3 16 4 6 2 9 4 4 11 13 5 4 0 2 1 13 2 1 20 36 25 2 8 13 0 4 8 18
7 11 1 5 4 1 8 10 2 8 3 2 21 14 12 13 12 2 4 7 5 0 7 2 8 1 4 2 1 12 11 1 19 16 11 23 6 5 13 4 4 10
4 10 4 1 3 7 2 8 6 5 1 19 7 2 1 1 10 2 3 2 5 7 5 6 7 3 2 1 11 1 10 18 3 5 12 17 1 8 9 0 6
6 6 3 2 4 5 6 2 1 4 18 12 5 1 0 9 8 1 1 3 2 2 1 1 4 1 1 10 10 9 8 15 2 7 5 16 7 1 9 6
0 3 1 2 1 1 4 1 3 14 6 7 4 1 9 1 7 0 2 1 0 1 0 3 3 0 9 0 1 1 7 13 5 2 11 9 6 8 3
3 2 1 1 0 3 3 2 11 8 1 3 3 8 8 6 7 2 1 1 1 1 3 0 3 9 9 1 0 6 6 8 3 9 2 3 2 5
1 1 0 1 3 0 1 9 3 7 2 0 5 0 2 1 5 1 0 0 0 2 3 3 6 0 8 1 6 0 2 5 6 7 1 1 3
0 1 1 2 3 1 8 6 4 5 2 5 5 2 1 4 4 1 0 0 2 1 0 3 6 8 7 5 6 2 3 1 1 6 0 2
1 0 1 1 2 7 2 2 1 3 3 0 3 1 3 0 3 1 0 2 1 1 3 3 2 1 2 1 4 1 2 0 5 6 2
1 1 0 1 5 5 0 1 2 0 3 3 2 2 3 3 2 1 2 1 0 2 0 1 1 1 1 3 3 1 2 5 1 4
0 1 1 4 0 5 1 1 2 3 0 1 0 1 0 1 1 1 1 1 2 2 1 0 0 0 2 0 2 1 3 4 3
1 0 3 4 5 4 0 1 1 3 1 1 1 1 1 0 0 0 0 1 0 1 1 0 0 2 2 2 1 2 1 1
1 3 1 1 1 4 1 0 2 2 0 0 0 0 1 0 0 0 1 1 1 0 1 0 2 0 0 1 1 1 0
2 2 0 0 3 3 1 2 0 2 0 0 0 1 1 0 0 1 0 0 1 1 1 2 2 0 1 0 0 1
0 2 0 3 0 2 1 2 2 2 0 0 1 0 1 0 1 1 0 1 0 0 1 0 2 1 1 0 1
2 2 3 3 2 1 1 0 0 2 0 1 1 1 1 1 0 1 1 1 0 1 1 2 1 0 1 1
0 1 0 1 1 0 1 0 2 2 1 0 0 0 0 1 1 0 0 1 1 0 1 1 1 1 0
1 1 1 0 1 1 1 2 0 1 1 0 0 0 1 0 1 0 1 0 1 1 0 0 0 1
0 0 1 1 0 0 1 2 1 0 1 0 0 1 1 1 1 1 1 1 0 1 0 0 1
0 1 0 1 0 1 1 1 1 1 1 0 1 0 0 0 0 0 0 1 1 1 0 1
1 1 1 1 1 0 0 0 0 0 1 1 1 0 0 0 0 0 1 0 0 1 1
0 0 0 0 1 0 0 0 0 1 0 0 1 0 0 0 0 1 1 0 1 0
0 0 0 1 1 0 0 0 1 1 0 1 1 0 0 0 1 0 1 1 1
0 0 1 0 1 0 0 1 0 1 1 0 1 0 0 1 1 1 0 0
0 1 1 1 1 0 1 1 1 0 1 1 1 0 1 0 0 1 0
1 0 0 0 1 1 0 0 1 1 0 0 1 1 1 0 1 1
1 0 0 1 0 1 0 1 0 1 0 1 0 0 1 1 0
1 0 1 1 1 1 1 1 1 1 1 1 0 1 0 1
1 1 0 0 0 0 0 0 0 0 0 1 1 1 1
0 1 0 0 0 0 0 0 0 0 1 0 0 0
1 1 0 0 0 0 0 0 0 1 1 0 0
0 1 0 0 0 0 0 0 1 0 1 0
1 1 0 0 0 0 0 1 1 1 1
0 1 0 0 0 0 1 0 0 0
1 1 0 0 0 1 1 0 0
0 1 0 0 1 0 1 0
1 1 0 1 1 1 1
0 1 1 0 0 0
1 0 1 0 0
1 1 1 0
0 0 1
0 1
1
