68 88 49 10 3 51 18 90 68 44 45 39 56 15 98 52 75 8 49 91 75 96 2 86 59 1 36 52 2 86 78 22 27 28 33 82 31 3 72 51 47 17 90 3 85 40 8 60 1 57 4 76 5 6 14 64 59 50 68 62
20 39 39 7 48 33 72 22 24 1 6 17 41 83 46 23 67 41 42 16 21 94 84 27 58 35 16 50 84 8 56 5 1 5 49 51 28 69 21 4 30 73 87 82 45 32 52 59 56 53 72 71 1 8 50 5 9 18 6
19 0 32 41 15 39 50 2 23 5 11 24 42 37 23 44 26 1 26 5 73 10 57 31 23 19 34 34 76 48 51 4 4 44 2 23 41 48 17 26 43 14 5 37 13 20 7 3 3 19 1 70 7 42 45 4 9 12
19 32 9 26 24 11 48 21 18 6 13 18 5 14 21 18 25 25 21 68 63 47 26 8 4 15 0 42 28 3 47 0 40 42 21 18 7 31 9 17 29 9 32 24 7 13 4 0 16 18 69 63 35 3 41 5 3
13 23 17 2 13 37 27 3 12 7 5 13 9 7 3 7 0 4 47 5 16 21 18 4 11 15 42 14 25 44 47 40 2 21 3 11 24 22 8 12 20 23 8 17 6 9 4 16 2 51 6 28 32 38 36 2
10 6 15 11 24 10 24 9 5 2 8 4 2 4 4 7 4 43 42 11 5 3 14 7 4 27 28 11 19 3 7 38 19 18 8 13 2 14 4 8 3 15 9 11 3 5 12 14 49 45 22 4 6 2 34
4 9 4 13 14 14 15 4 3 6 4 2 2 0 3 3 39 1 31 6 2 11 7 3 23 1 17 8 16 4 31 19 1 10 5 11 12 10 4 5 12 6 2 8 2 7 2 35 4 23 18 2 4 32
5 5 9 1 0 1 11 1 3 2 2 0 2 3 0 36 38 30 25 4 9 4 4 20 22 16 9 8 12 27 12 18 9 5 6 1 2 6 1 7 6 4 6 6 5 5 33 31 19 5 16 2 28
0 4 8 1 1 10 10 2 1 0 2 2 1 3 36 2 8 5 21 5 5 0 16 2 6 7 1 4 15 15 6 9 4 1 5 1 4 5 6 1 2 2 0 1 0 28 2 12 14 11 14 26
4 4 7 0 9 0 8 1 1 2 0 1 2 33 34 6 3 16 16 0 5 16 14 4 1 6 3 11 0 9 3 5 3 4 4 3 1 1 5 1 0 2 1 1 28 26 10 2 3 3 12
0 3 7 9 9 8 7 0 1 2 1 1 31 1 28 3 13 0 16 5 11 2 10 3 5 3 8 11 9 6 2 2 1 0 1 2 0 4 4 1 2 1 0 27 2 16 8 1 0 9
3 4 2 0 1 1 7 1 1 1 0 30 30 27 25 10 13 16 11 6 9 8 7 2 2 5 3 2 3 4 0 1 1 1 1 2 4 0 3 1 1 1 27 25 14 8 7 1 9
1 2 2 1 0 6 6 0 0 1 30 0 3 2 15 3 3 5 5 3 1 1 5 0 3 2 1 1 1 4 1 0 0 0 1 2 4 3 2 0 0 26 2 11 6 1 6 8
1 0 1 1 6 0 6 0 1 29 30 3 1 13 12 0 2 0 2 2 0 4 5 3 1 1 0 0 3 3 1 0 0 1 1 2 1 1 2 0 26 24 9 5 5 5 2
1 1 0 5 6 6 6 1 28 1 27 2 12 1 12 2 2 2 0 2 4 1 2 2 0 1 0 3 0 2 1 0 1 0 1 1 0 1 2 26 2 15 4 0 0 3
0 1 5 1 0 0 5 27 27 26 25 10 11 11 10 0 0 2 2 2 3 1 0 2 1 1 3 3 2 1 1 1 1 1 0 1 1 1 24 24 13 11 4 0 3
1 4 4 1 0 5 22 0 1 1 15 1 0 1 10 0 2 0 0 1 2 1 2 1 0 2 0 1 1 0 0 0 0 1 1 0 0 23 0 11 2 7 4 3
3 0 3 1 5 17 22 1 0 14 14 1 1 9 10 2 2 0 1 1 1 1 1 1 2 2 1 0 1 0 0 0 1 0 1 0 23 23 11 9 5 3 1
3 3 2 4 12 5 21 1 14 0 13 0 8 1 8 0 2 1 0 0 0 0 0 1 0 1 1 1 1 0 0 1 1 1 1 23 0 12 2 4 2 2
0 1 2 8 7 16 20 13 14 13 13 8 7 7 8 2 1 1 0 0 0 0 1 1 1 0 0 0 1 0 1 0 0 0 22 23 12 10 2 2 0
1 1 6 1 9 4 7 1 1 0 5 1 0 1 6 1 0 1 0 0 0 1 0 0 1 0 0 1 1 1 1 0 0 22 1 11 2 8 0 2
0 5 5 8 5 3 6 0 1 5 4 1 1 5 5 1 1 1 0 0 1 1 0 1 1 0 1 0 0 0 1 0 22 21 10 9 6 8 2
5 0 3 3 2 3 6 1 4 1 3 0 4 0 4 0 0 1 0 1 0 1 1 0 1 1 1 0 0 1 1 22 1 11 1 3 2 6
5 3 0 1 1 3 5 3 3 2 3 4 4 4 4 0 1 1 1 1 1 0 1 1 0 0 1 0 1 0 21 21 10 10 2 1 4
2 3 1 0 2 2 2 0 1 1 1 0 0 0 4 1 0 0 0 0 1 1 0 1 0 1 1 1 1 21 0 11 0 8 1 3
1 2 1 2 0 0 2 1 0 0 1 0 0 4 3 1 0 0 0 1 0 1 1 1 1 0 0 0 20 21 11 11 8 7 2
1 1 1 2 0 2 1 1 0 1 1 0 4 1 2 1 0 0 1 1 1 0 0 0 1 0 0 20 1 10 0 3 1 5
0 0 1 2 2 1 0 1 1 0 1 4 3 1 1 1 0 1 0 0 1 0 0 1 1 0 20 19 9 10 3 2 4
0 1 1 0 1 1 1 0 1 1 3 1 2 0 0 1 1 1 0 1 1 0 1 0 1 20 1 10 1 7 1 2
1 0 1 1 0 0 1 1 0 2 2 1 2 0 1 0 0 1 1 0 1 1 1 1 19 19 9 9 6 6 1
1 1 0 1 0 1 0 1 2 0 1 1 2 1 1 0 1 0 1 1 0 0 0 18 0 10 0 3 0 5
0 1 1 1 1 1 1 1 2 1 0 1 1 0 1 1 1 1 0 1 0 0 18 18 10 10 3 3 5
1 0 0 0 0 0 0 1 1 1 1 0 1 1 0 0 0 1 1 1 0 18 0 8 0 7 0 2
1 0 0 0 0 0 1 0 0 0 1 1 0 1 0 0 1 0 0 1 18 18 8 8 7 7 2
1 0 0 0 0 1 1 0 0 1 0 1 1 1 0 1 1 0 1 17 0 10 0 1 0 5
1 0 0 0 1 0 1 0 1 1 1 0 0 1 1 0 1 1 16 17 10 10 1 1 5
1 0 0 1 1 1 1 1 0 0 1 0 1 0 1 1 0 15 1 7 0 9 0 4
1 0 1 0 0 0 0 1 0 1 1 1 1 1 0 1 15 14 6 7 9 9 4
1 1 1 0 0 0 1 1 1 0 0 0 0 1 1 14 1 8 1 2 0 5
0 0 1 0 0 1 0 0 1 0 0 0 1 0 13 13 7 7 1 2 5
0 1 1 0 1 1 0 1 1 0 0 1 1 13 0 6 0 6 1 3
1 0 1 1 0 1 1 0 1 0 1 0 12 13 6 6 6 5 2
1 1 0 1 1 0 1 1 1 1 1 12 1 7 0 0 1 3
0 1 1 0 1 1 0 0 0 0 11 11 6 7 0 1 2
1 0 1 1 0 1 0 0 0 11 0 5 1 7 1 1
1 1 0 1 1 1 0 0 11 11 5 4 6 6 0
0 1 1 0 0 1 0 11 0 6 1 2 0 6
1 0 1 0 1 1 11 11 6 5 1 2 6
1 1 1 1 0 10 0 5 1 4 1 4
0 0 0 1 10 10 5 4 3 3 3
0 0 1 9 0 5 1 1 0 0
0 1 8 9 5 4 0 1 0
1 7 1 4 1 4 1 1
6 6 3 3 3 3 0
0 3 0 0 0 3
3 3 0 0 3
0 3 0 3
3 3 3
0 0
0
